2025-03-27 22:00:00,020 - INFO - Starting data collection
2025-03-27 22:00:00,061 - ERROR - Connection error to https://api.coindesk.com/v1/bpi/currentprice.json. Attempt 1/3
2025-03-27 22:00:01,065 - ERROR - Connection error to https://api.coindesk.com/v1/bpi/currentprice.json. Attempt 2/3
2025-03-27 22:00:03,067 - ERROR - Connection error to https://api.coindesk.com/v1/bpi/currentprice.json. Attempt 3/3
2025-03-27 22:00:03,068 - ERROR - Failed to connect to https://api.coindesk.com/v1/bpi/currentprice.json after 3 attempts
2025-03-27 22:00:04,871 - INFO - Successfully collected Cryptopanic news
2025-03-27 22:00:06,656 - ERROR - Request error for https://newsapi.org/v2/everything?q=cryptocurrency&apiKey=5d3efdf3405c86e637926d16c630b32483628a26: 401 Client Error: Unauthorized for url: https://newsapi.org/v2/everything?q=cryptocurrency&apiKey=5d3efdf3405c86e637926d16c630b32483628a26
2025-03-27 22:00:10,286 - ERROR - Request error for https://newsapi.org/v2/everything?q=cryptocurrency&apiKey=5d3efdf3405c86e637926d16c630b32483628a26: 401 Client Error: Unauthorized for url: https://newsapi.org/v2/everything?q=cryptocurrency&apiKey=5d3efdf3405c86e637926d16c630b32483628a26
2025-03-27 22:00:13,421 - ERROR - Request error for https://newsapi.org/v2/everything?q=cryptocurrency&apiKey=5d3efdf3405c86e637926d16c630b32483628a26: 401 Client Error: Unauthorized for url: https://newsapi.org/v2/everything?q=cryptocurrency&apiKey=5d3efdf3405c86e637926d16c630b32483628a26
2025-03-27 22:00:13,421 - ERROR - Failed to fetch data from https://newsapi.org/v2/everything?q=cryptocurrency&apiKey=5d3efdf3405c86e637926d16c630b32483628a26 after 3 attempts
2025-03-27 22:00:14,324 - INFO - Successfully collected market data
2025-03-27 22:00:14,324 - INFO - Data collection completed
2025-03-27 22:01:23,540 - INFO - Starting sentiment analysis
2025-03-27 22:01:23,540 - ERROR - File not found: coindesk_news.json
2025-03-27 22:01:23,560 - ERROR - Error processing news data: 'str' object has no attribute 'get'
2025-03-27 22:01:23,560 - ERROR - File not found: newsapi_news.json
2025-03-27 22:01:23,560 - ERROR - File not found: twitter_data.json
2025-03-27 22:01:23,560 - INFO - Sentiment analysis completed
2025-03-27 22:01:47,763 - INFO - Starting market trend analysis
2025-03-27 22:01:47,763 - ERROR - File not found: coindesk_sentiment.json
2025-03-27 22:01:47,763 - ERROR - File not found: cryptopanic_sentiment.json
2025-03-27 22:01:47,763 - ERROR - File not found: newsapi_sentiment.json
2025-03-27 22:01:47,763 - ERROR - File not found: twitter_sentiment.json
2025-03-27 22:01:47,835 - INFO - Successfully loaded and processed market data
2025-03-27 22:01:47,840 - INFO - Market trend analysis completed
2025-03-27 22:01:47,842 - ERROR - Error saving market trends: Object of type int64 is not JSON serializable
2025-03-27 22:05:12,397 - INFO - Starting market trend analysis
2025-03-27 22:05:12,398 - ERROR - File not found: coindesk_sentiment.json
2025-03-27 22:05:12,398 - ERROR - File not found: cryptopanic_sentiment.json
2025-03-27 22:05:12,398 - ERROR - File not found: newsapi_sentiment.json
2025-03-27 22:05:12,398 - ERROR - File not found: twitter_sentiment.json
2025-03-27 22:05:12,409 - INFO - Successfully loaded and processed market data
2025-03-27 22:05:12,412 - INFO - Market trend analysis completed
2025-03-27 22:05:12,413 - ERROR - Error saving market trends: Object of type int64 is not JSON serializable
2025-03-27 22:21:46,932 - INFO - Starting data collection
2025-03-27 22:21:46,981 - ERROR - Connection error to https://api.coindesk.com/v1/bpi/currentprice.json. Attempt 1/3
2025-03-27 22:21:47,983 - ERROR - Connection error to https://api.coindesk.com/v1/bpi/currentprice.json. Attempt 2/3
2025-03-27 22:21:49,986 - ERROR - Connection error to https://api.coindesk.com/v1/bpi/currentprice.json. Attempt 3/3
2025-03-27 22:21:49,986 - ERROR - Failed to fetch coindesk data: HTTPSConnectionPool(host='api.coindesk.com', port=443): Max retries exceeded with url: /v1/bpi/currentprice.json (Caused by NameResolutionError("<urllib3.connection.HTTPSConnection object at 0x0000017294D3C7D0>: Failed to resolve 'api.coindesk.com' ([Errno 11001] getaddrinfo failed)"))
2025-03-27 22:21:51,126 - INFO - Successfully collected cryptopanic news
2025-03-27 22:21:52,186 - ERROR - Request error for https://newsapi.org/v2/everything?q=cryptocurrency&apiKey=5d3efdf3405c86e637926d16c630b32483628a26: 401 Client Error: Unauthorized for url: https://newsapi.org/v2/everything?q=cryptocurrency&apiKey=5d3efdf3405c86e637926d16c630b32483628a26
2025-03-27 22:21:53,474 - ERROR - Request error for https://newsapi.org/v2/everything?q=cryptocurrency&apiKey=5d3efdf3405c86e637926d16c630b32483628a26: 401 Client Error: Unauthorized for url: https://newsapi.org/v2/everything?q=cryptocurrency&apiKey=5d3efdf3405c86e637926d16c630b32483628a26
2025-03-27 22:21:55,757 - ERROR - Request error for https://newsapi.org/v2/everything?q=cryptocurrency&apiKey=5d3efdf3405c86e637926d16c630b32483628a26: 401 Client Error: Unauthorized for url: https://newsapi.org/v2/everything?q=cryptocurrency&apiKey=5d3efdf3405c86e637926d16c630b32483628a26
2025-03-27 22:21:55,757 - ERROR - Failed to fetch newsapi data: 401 Client Error: Unauthorized for url: https://newsapi.org/v2/everything?q=cryptocurrency&apiKey=5d3efdf3405c86e637926d16c630b32483628a26
2025-03-27 22:21:56,101 - ERROR - Twitter API error: 403 Forbidden
453 - You currently have access to a subset of X API V2 endpoints and limited v1.1 endpoints (e.g. media post, oauth) only. If you need access to this endpoint, you may need a different access level. You can learn more here: https://developer.x.com/en/portal/product
2025-03-27 22:21:56,976 - INFO - Successfully collected market data
2025-03-27 22:21:56,976 - INFO - Data collection completed
2025-03-27 22:22:26,861 - INFO - Starting sentiment analysis
2025-03-27 22:22:26,869 - ERROR - File not found: coindesk_news.json
2025-03-27 22:22:26,881 - ERROR - Error in sentiment analysis: 
**********************************************************************
  Resource [93mpunkt_tab[0m not found.
  Please use the NLTK Downloader to obtain the resource:

  [31m>>> import nltk
  >>> nltk.download('punkt_tab')
  [0m
  For more information see: https://www.nltk.org/data.html

  Attempted to load [93mtokenizers/punkt_tab/english/[0m

  Searched in:
    - 'C:\\Users\\adity/nltk_data'
    - 'C:\\Python313\\nltk_data'
    - 'C:\\Python313\\share\\nltk_data'
    - 'C:\\Python313\\lib\\nltk_data'
    - 'C:\\Users\\adity\\AppData\\Roaming\\nltk_data'
    - 'C:\\nltk_data'
    - 'D:\\nltk_data'
    - 'E:\\nltk_data'
**********************************************************************

2025-03-27 22:22:26,882 - ERROR - Error processing item: 
**********************************************************************
  Resource [93mpunkt_tab[0m not found.
  Please use the NLTK Downloader to obtain the resource:

  [31m>>> import nltk
  >>> nltk.download('punkt_tab')
  [0m
  For more information see: https://www.nltk.org/data.html

  Attempted to load [93mtokenizers/punkt_tab/english/[0m

  Searched in:
    - 'C:\\Users\\adity/nltk_data'
    - 'C:\\Python313\\nltk_data'
    - 'C:\\Python313\\share\\nltk_data'
    - 'C:\\Python313\\lib\\nltk_data'
    - 'C:\\Users\\adity\\AppData\\Roaming\\nltk_data'
    - 'C:\\nltk_data'
    - 'D:\\nltk_data'
    - 'E:\\nltk_data'
**********************************************************************

2025-03-27 22:22:26,883 - INFO - Aggregate metrics for cryptopanic_news.json: {'mean_sentiment': np.float64(0.0), 'std_sentiment': np.float64(0.0), 'max_sentiment': 0.0, 'min_sentiment': 0.0, 'total_items': 1}
2025-03-27 22:22:26,884 - INFO - Processed cryptopanic sentiment
2025-03-27 22:22:26,884 - ERROR - File not found: newsapi_news.json
2025-03-27 22:22:26,885 - ERROR - File not found: twitter_data.json
2025-03-27 22:22:26,885 - INFO - Sentiment analysis completed
2025-03-27 22:26:25,917 - INFO - Starting data collection
2025-03-27 22:26:25,933 - ERROR - Connection error to https://api.coindesk.com/v1/bpi/currentprice.json. Attempt 1/3
2025-03-27 22:26:26,935 - ERROR - Connection error to https://api.coindesk.com/v1/bpi/currentprice.json. Attempt 2/3
2025-03-27 22:26:28,938 - ERROR - Connection error to https://api.coindesk.com/v1/bpi/currentprice.json. Attempt 3/3
2025-03-27 22:26:28,939 - ERROR - Failed to fetch coindesk data: HTTPSConnectionPool(host='api.coindesk.com', port=443): Max retries exceeded with url: /v1/bpi/currentprice.json (Caused by NameResolutionError("<urllib3.connection.HTTPSConnection object at 0x000002356DB4C7D0>: Failed to resolve 'api.coindesk.com' ([Errno 11001] getaddrinfo failed)"))
2025-03-27 22:26:28,939 - INFO - Using cached data for cryptopanic
2025-03-27 22:26:28,942 - INFO - Successfully collected cryptopanic news
2025-03-27 22:26:29,954 - ERROR - Request error for https://newsapi.org/v2/everything?q=cryptocurrency&apiKey=5d3efdf3405c86e637926d16c630b32483628a26: 401 Client Error: Unauthorized for url: https://newsapi.org/v2/everything?q=cryptocurrency&apiKey=5d3efdf3405c86e637926d16c630b32483628a26
2025-03-27 22:26:31,960 - ERROR - Request error for https://newsapi.org/v2/everything?q=cryptocurrency&apiKey=5d3efdf3405c86e637926d16c630b32483628a26: 401 Client Error: Unauthorized for url: https://newsapi.org/v2/everything?q=cryptocurrency&apiKey=5d3efdf3405c86e637926d16c630b32483628a26
2025-03-27 22:26:34,973 - ERROR - Request error for https://newsapi.org/v2/everything?q=cryptocurrency&apiKey=5d3efdf3405c86e637926d16c630b32483628a26: 401 Client Error: Unauthorized for url: https://newsapi.org/v2/everything?q=cryptocurrency&apiKey=5d3efdf3405c86e637926d16c630b32483628a26
2025-03-27 22:26:34,973 - ERROR - Failed to fetch newsapi data: 401 Client Error: Unauthorized for url: https://newsapi.org/v2/everything?q=cryptocurrency&apiKey=5d3efdf3405c86e637926d16c630b32483628a26
2025-03-27 22:26:35,347 - ERROR - Twitter API error: 403 Forbidden
453 - You currently have access to a subset of X API V2 endpoints and limited v1.1 endpoints (e.g. media post, oauth) only. If you need access to this endpoint, you may need a different access level. You can learn more here: https://developer.x.com/en/portal/product
2025-03-27 22:26:35,347 - INFO - Using cached market data
2025-03-27 22:26:35,348 - INFO - Successfully collected market data
2025-03-27 22:26:35,348 - INFO - Data collection completed
2025-03-27 22:27:03,135 - INFO - Starting sentiment analysis
2025-03-27 22:27:03,137 - ERROR - File not found: coindesk_news.json
2025-03-27 22:27:03,149 - ERROR - Error in sentiment analysis: 
**********************************************************************
  Resource [93mpunkt_tab[0m not found.
  Please use the NLTK Downloader to obtain the resource:

  [31m>>> import nltk
  >>> nltk.download('punkt_tab')
  [0m
  For more information see: https://www.nltk.org/data.html

  Attempted to load [93mtokenizers/punkt_tab/english/[0m

  Searched in:
    - 'C:\\Users\\adity/nltk_data'
    - 'c:\\Python313\\nltk_data'
    - 'c:\\Python313\\share\\nltk_data'
    - 'c:\\Python313\\lib\\nltk_data'
    - 'C:\\Users\\adity\\AppData\\Roaming\\nltk_data'
    - 'C:\\nltk_data'
    - 'D:\\nltk_data'
    - 'E:\\nltk_data'
**********************************************************************

2025-03-27 22:27:03,149 - ERROR - Error processing item: 
**********************************************************************
  Resource [93mpunkt_tab[0m not found.
  Please use the NLTK Downloader to obtain the resource:

  [31m>>> import nltk
  >>> nltk.download('punkt_tab')
  [0m
  For more information see: https://www.nltk.org/data.html

  Attempted to load [93mtokenizers/punkt_tab/english/[0m

  Searched in:
    - 'C:\\Users\\adity/nltk_data'
    - 'c:\\Python313\\nltk_data'
    - 'c:\\Python313\\share\\nltk_data'
    - 'c:\\Python313\\lib\\nltk_data'
    - 'C:\\Users\\adity\\AppData\\Roaming\\nltk_data'
    - 'C:\\nltk_data'
    - 'D:\\nltk_data'
    - 'E:\\nltk_data'
**********************************************************************

2025-03-27 22:27:03,150 - INFO - Aggregate metrics for cryptopanic_news.json: {'mean_sentiment': np.float64(0.0), 'std_sentiment': np.float64(0.0), 'max_sentiment': 0.0, 'min_sentiment': 0.0, 'total_items': 1}
2025-03-27 22:27:03,152 - INFO - Processed cryptopanic sentiment
2025-03-27 22:27:03,152 - ERROR - File not found: newsapi_news.json
2025-03-27 22:27:03,152 - ERROR - File not found: twitter_data.json
2025-03-27 22:27:03,152 - INFO - Sentiment analysis completed
2025-03-27 22:27:53,205 - INFO - Starting market trend analysis
2025-03-27 22:27:53,205 - ERROR - File not found: coindesk_sentiment.json
2025-03-27 22:27:53,215 - INFO - Successfully loaded cryptopanic sentiment data
2025-03-27 22:27:53,215 - ERROR - File not found: newsapi_sentiment.json
2025-03-27 22:27:53,215 - ERROR - File not found: twitter_sentiment.json
2025-03-27 22:27:53,228 - INFO - Successfully loaded and processed market data
2025-03-27 22:27:53,231 - INFO - Market trend analysis completed
2025-03-27 22:27:53,231 - ERROR - Error saving market trends: Object of type int64 is not JSON serializable
2025-03-27 22:28:17,304 - INFO - Loaded 2 samples with 2 features
2025-03-27 22:28:17,307 - ERROR - Error training model: The least populated class in y has only 1 member, which is too few. The minimum number of groups for any class cannot be less than 2.
2025-03-27 22:28:17,307 - ERROR - Error in training pipeline: The least populated class in y has only 1 member, which is too few. The minimum number of groups for any class cannot be less than 2.
2025-03-27 22:29:10,653 - INFO - Starting data collection
2025-03-27 22:29:10,668 - ERROR - Connection error to https://api.coindesk.com/v1/bpi/currentprice.json. Attempt 1/3
2025-03-27 22:29:11,670 - ERROR - Connection error to https://api.coindesk.com/v1/bpi/currentprice.json. Attempt 2/3
2025-03-27 22:29:13,673 - ERROR - Connection error to https://api.coindesk.com/v1/bpi/currentprice.json. Attempt 3/3
2025-03-27 22:29:13,673 - ERROR - Failed to fetch coindesk data: HTTPSConnectionPool(host='api.coindesk.com', port=443): Max retries exceeded with url: /v1/bpi/currentprice.json (Caused by NameResolutionError("<urllib3.connection.HTTPSConnection object at 0x000002C57F02C7D0>: Failed to resolve 'api.coindesk.com' ([Errno 11001] getaddrinfo failed)"))
2025-03-27 22:29:13,673 - INFO - Using cached data for cryptopanic
2025-03-27 22:29:13,676 - INFO - Successfully collected cryptopanic news
2025-03-27 22:29:14,727 - ERROR - Request error for https://newsapi.org/v2/everything?q=cryptocurrency&apiKey=5d3efdf3405c86e637926d16c630b32483628a26: 401 Client Error: Unauthorized for url: https://newsapi.org/v2/everything?q=cryptocurrency&apiKey=5d3efdf3405c86e637926d16c630b32483628a26
2025-03-27 22:29:16,050 - ERROR - Request error for https://newsapi.org/v2/everything?q=cryptocurrency&apiKey=5d3efdf3405c86e637926d16c630b32483628a26: 401 Client Error: Unauthorized for url: https://newsapi.org/v2/everything?q=cryptocurrency&apiKey=5d3efdf3405c86e637926d16c630b32483628a26
2025-03-27 22:29:18,386 - ERROR - Request error for https://newsapi.org/v2/everything?q=cryptocurrency&apiKey=5d3efdf3405c86e637926d16c630b32483628a26: 401 Client Error: Unauthorized for url: https://newsapi.org/v2/everything?q=cryptocurrency&apiKey=5d3efdf3405c86e637926d16c630b32483628a26
2025-03-27 22:29:18,386 - ERROR - Failed to fetch newsapi data: 401 Client Error: Unauthorized for url: https://newsapi.org/v2/everything?q=cryptocurrency&apiKey=5d3efdf3405c86e637926d16c630b32483628a26
2025-03-27 22:29:18,726 - ERROR - Twitter API error: 403 Forbidden
453 - You currently have access to a subset of X API V2 endpoints and limited v1.1 endpoints (e.g. media post, oauth) only. If you need access to this endpoint, you may need a different access level. You can learn more here: https://developer.x.com/en/portal/product
2025-03-27 22:29:19,700 - INFO - Successfully collected market data
2025-03-27 22:29:19,701 - INFO - Data collection completed
2025-03-27 22:31:22,468 - INFO - Starting data collection
2025-03-27 22:31:22,485 - ERROR - Connection error to https://api.coindesk.com/v1/bpi/currentprice.json. Attempt 1/3
2025-03-27 22:31:23,487 - ERROR - Connection error to https://api.coindesk.com/v1/bpi/currentprice.json. Attempt 2/3
2025-03-27 22:31:25,490 - ERROR - Connection error to https://api.coindesk.com/v1/bpi/currentprice.json. Attempt 3/3
2025-03-27 22:31:25,490 - ERROR - Failed to fetch coindesk data: HTTPSConnectionPool(host='api.coindesk.com', port=443): Max retries exceeded with url: /v1/bpi/currentprice.json (Caused by NameResolutionError("<urllib3.connection.HTTPSConnection object at 0x000001E055B9C7D0>: Failed to resolve 'api.coindesk.com' ([Errno 11001] getaddrinfo failed)"))
2025-03-27 22:31:25,490 - INFO - Using cached data for cryptopanic
2025-03-27 22:31:25,493 - INFO - Successfully collected cryptopanic news
2025-03-27 22:31:25,804 - ERROR - Request error for https://newsapi.org/v2/everything?q=cryptocurrency&apiKey=5d3efdf3405c86e637926d16c630b32483628a26: 401 Client Error: Unauthorized for url: https://newsapi.org/v2/everything?q=cryptocurrency&apiKey=5d3efdf3405c86e637926d16c630b32483628a26
2025-03-27 22:31:27,104 - ERROR - Request error for https://newsapi.org/v2/everything?q=cryptocurrency&apiKey=5d3efdf3405c86e637926d16c630b32483628a26: 401 Client Error: Unauthorized for url: https://newsapi.org/v2/everything?q=cryptocurrency&apiKey=5d3efdf3405c86e637926d16c630b32483628a26
2025-03-27 22:31:29,396 - ERROR - Request error for https://newsapi.org/v2/everything?q=cryptocurrency&apiKey=5d3efdf3405c86e637926d16c630b32483628a26: 401 Client Error: Unauthorized for url: https://newsapi.org/v2/everything?q=cryptocurrency&apiKey=5d3efdf3405c86e637926d16c630b32483628a26
2025-03-27 22:31:29,396 - ERROR - Failed to fetch newsapi data: 401 Client Error: Unauthorized for url: https://newsapi.org/v2/everything?q=cryptocurrency&apiKey=5d3efdf3405c86e637926d16c630b32483628a26
2025-03-27 22:31:30,021 - ERROR - Twitter API error: 403 Forbidden
453 - You currently have access to a subset of X API V2 endpoints and limited v1.1 endpoints (e.g. media post, oauth) only. If you need access to this endpoint, you may need a different access level. You can learn more here: https://developer.x.com/en/portal/product
2025-03-27 22:31:30,021 - INFO - Using cached market data
2025-03-27 22:31:30,022 - INFO - Successfully collected market data
2025-03-27 22:31:30,022 - INFO - Data collection completed
2025-03-27 22:32:08,336 - INFO - Starting sentiment analysis
2025-03-27 22:32:08,338 - ERROR - File not found: coindesk_news.json
2025-03-27 22:32:08,351 - ERROR - Error in sentiment analysis: 
**********************************************************************
  Resource [93mpunkt_tab[0m not found.
  Please use the NLTK Downloader to obtain the resource:

  [31m>>> import nltk
  >>> nltk.download('punkt_tab')
  [0m
  For more information see: https://www.nltk.org/data.html

  Attempted to load [93mtokenizers/punkt_tab/english/[0m

  Searched in:
    - 'C:\\Users\\adity/nltk_data'
    - 'C:\\Python313\\nltk_data'
    - 'C:\\Python313\\share\\nltk_data'
    - 'C:\\Python313\\lib\\nltk_data'
    - 'C:\\Users\\adity\\AppData\\Roaming\\nltk_data'
    - 'C:\\nltk_data'
    - 'D:\\nltk_data'
    - 'E:\\nltk_data'
**********************************************************************

2025-03-27 22:32:08,352 - ERROR - Error processing item: 
**********************************************************************
  Resource [93mpunkt_tab[0m not found.
  Please use the NLTK Downloader to obtain the resource:

  [31m>>> import nltk
  >>> nltk.download('punkt_tab')
  [0m
  For more information see: https://www.nltk.org/data.html

  Attempted to load [93mtokenizers/punkt_tab/english/[0m

  Searched in:
    - 'C:\\Users\\adity/nltk_data'
    - 'C:\\Python313\\nltk_data'
    - 'C:\\Python313\\share\\nltk_data'
    - 'C:\\Python313\\lib\\nltk_data'
    - 'C:\\Users\\adity\\AppData\\Roaming\\nltk_data'
    - 'C:\\nltk_data'
    - 'D:\\nltk_data'
    - 'E:\\nltk_data'
**********************************************************************

2025-03-27 22:32:08,352 - INFO - Aggregate metrics for cryptopanic_news.json: {'mean_sentiment': np.float64(0.0), 'std_sentiment': np.float64(0.0), 'max_sentiment': 0.0, 'min_sentiment': 0.0, 'total_items': 1}
2025-03-27 22:32:08,354 - INFO - Processed cryptopanic sentiment
2025-03-27 22:32:08,354 - ERROR - File not found: newsapi_news.json
2025-03-27 22:32:08,354 - ERROR - File not found: twitter_data.json
2025-03-27 22:32:08,354 - INFO - Sentiment analysis completed
2025-03-27 22:32:21,808 - INFO - Starting market trend analysis
2025-03-27 22:32:21,808 - ERROR - File not found: coindesk_sentiment.json
2025-03-27 22:32:21,819 - INFO - Successfully loaded cryptopanic sentiment data
2025-03-27 22:32:21,819 - ERROR - File not found: newsapi_sentiment.json
2025-03-27 22:32:21,819 - ERROR - File not found: twitter_sentiment.json
2025-03-27 22:32:21,825 - INFO - Successfully loaded and processed market data
2025-03-27 22:32:21,828 - INFO - Market trend analysis completed
2025-03-27 22:32:21,829 - ERROR - Error saving market trends: Object of type int64 is not JSON serializable
2025-03-27 22:32:31,192 - INFO - Loaded 2 samples with 2 features
2025-03-27 22:32:31,194 - INFO - Class distribution: {np.int64(0): np.int64(1), np.int64(1): np.int64(1)}
2025-03-27 22:32:31,194 - WARNING - Using simple random split due to insufficient class samples
2025-03-27 22:32:31,204 - ERROR - Error in model training: Cannot have number of splits n_splits=5 greater than the number of samples: n_samples=1.
2025-03-27 22:32:31,204 - ERROR - Error in training pipeline: Cannot have number of splits n_splits=5 greater than the number of samples: n_samples=1.
2025-03-27 22:32:44,081 - INFO - Loaded 2 samples with 2 features
2025-03-27 22:32:44,083 - INFO - Class distribution: {np.int64(0): np.int64(1), np.int64(1): np.int64(1)}
2025-03-27 22:32:44,083 - WARNING - Using simple random split due to insufficient class samples
2025-03-27 22:32:44,092 - ERROR - Error in model training: Cannot have number of splits n_splits=5 greater than the number of samples: n_samples=1.
2025-03-27 22:32:44,092 - ERROR - Error in training pipeline: Cannot have number of splits n_splits=5 greater than the number of samples: n_samples=1.
