2025-03-27 23:29:05,175 - INFO - Starting crypto bot pipeline
2025-03-27 23:29:05,175 - INFO - Step 1: Collecting data
2025-03-27 23:29:05,176 - INFO - Starting data collection
2025-03-27 23:29:05,194 - ERROR - Connection error to https://api.coindesk.com/v1/bpi/currentprice.json. Attempt 1/3
2025-03-27 23:29:06,197 - ERROR - Connection error to https://api.coindesk.com/v1/bpi/currentprice.json. Attempt 2/3
2025-03-27 23:29:08,200 - ERROR - Connection error to https://api.coindesk.com/v1/bpi/currentprice.json. Attempt 3/3
2025-03-27 23:29:08,201 - ERROR - Failed to fetch coindesk data: HTTPSConnectionPool(host='api.coindesk.com', port=443): Max retries exceeded with url: /v1/bpi/currentprice.json (Caused by NameResolutionError("<urllib3.connection.HTTPSConnection object at 0x00000251C45EB610>: Failed to resolve 'api.coindesk.com' ([Errno 11001] getaddrinfo failed)"))
2025-03-27 23:29:09,454 - INFO - Successfully collected cryptopanic news
2025-03-27 23:29:09,757 - ERROR - Request error for https://newsapi.org/v2/everything?q=cryptocurrency&apiKey=5d3efdf3405c86e637926d16c630b32483628a26: 401 Client Error: Unauthorized for url: https://newsapi.org/v2/everything?q=cryptocurrency&apiKey=5d3efdf3405c86e637926d16c630b32483628a26
2025-03-27 23:29:11,066 - ERROR - Request error for https://newsapi.org/v2/everything?q=cryptocurrency&apiKey=5d3efdf3405c86e637926d16c630b32483628a26: 401 Client Error: Unauthorized for url: https://newsapi.org/v2/everything?q=cryptocurrency&apiKey=5d3efdf3405c86e637926d16c630b32483628a26
2025-03-27 23:29:13,405 - ERROR - Request error for https://newsapi.org/v2/everything?q=cryptocurrency&apiKey=5d3efdf3405c86e637926d16c630b32483628a26: 401 Client Error: Unauthorized for url: https://newsapi.org/v2/everything?q=cryptocurrency&apiKey=5d3efdf3405c86e637926d16c630b32483628a26
2025-03-27 23:29:13,405 - ERROR - Failed to fetch newsapi data: 401 Client Error: Unauthorized for url: https://newsapi.org/v2/everything?q=cryptocurrency&apiKey=5d3efdf3405c86e637926d16c630b32483628a26
2025-03-27 23:29:13,727 - ERROR - Twitter API error: 403 Forbidden
453 - You currently have access to a subset of X API V2 endpoints and limited v1.1 endpoints (e.g. media post, oauth) only. If you need access to this endpoint, you may need a different access level. You can learn more here: https://developer.x.com/en/portal/product
2025-03-27 23:29:14,631 - INFO - Created historical data file with 30 samples
2025-03-27 23:29:14,631 - INFO - Data collection completed
2025-03-27 23:29:14,631 - INFO - Step 2: Performing sentiment analysis
2025-03-27 23:29:14,631 - WARNING - News file not found: data\coindesk_news.json
2025-03-27 23:29:15,016 - ERROR - Error in sentiment analysis: 
**********************************************************************
  Resource [93mpunkt_tab[0m not found.
  Please use the NLTK Downloader to obtain the resource:

  [31m>>> import nltk
  >>> nltk.download('punkt_tab')
  [0m
  For more information see: https://www.nltk.org/data.html

  Attempted to load [93mtokenizers/punkt_tab/english/[0m

  Searched in:
    - 'C:\\Users\\adity/nltk_data'
    - 'C:\\Python313\\nltk_data'
    - 'C:\\Python313\\share\\nltk_data'
    - 'C:\\Python313\\lib\\nltk_data'
    - 'C:\\Users\\adity\\AppData\\Roaming\\nltk_data'
    - 'C:\\nltk_data'
    - 'D:\\nltk_data'
    - 'E:\\nltk_data'
**********************************************************************

2025-03-27 23:29:15,018 - ERROR - Error processing item: 
**********************************************************************
  Resource [93mpunkt_tab[0m not found.
  Please use the NLTK Downloader to obtain the resource:

  [31m>>> import nltk
  >>> nltk.download('punkt_tab')
  [0m
  For more information see: https://www.nltk.org/data.html

  Attempted to load [93mtokenizers/punkt_tab/english/[0m

  Searched in:
    - 'C:\\Users\\adity/nltk_data'
    - 'C:\\Python313\\nltk_data'
    - 'C:\\Python313\\share\\nltk_data'
    - 'C:\\Python313\\lib\\nltk_data'
    - 'C:\\Users\\adity\\AppData\\Roaming\\nltk_data'
    - 'C:\\nltk_data'
    - 'D:\\nltk_data'
    - 'E:\\nltk_data'
**********************************************************************

2025-03-27 23:29:15,019 - INFO - Aggregate metrics for data\cryptopanic_news.json: {'mean_sentiment': np.float64(0.0), 'std_sentiment': np.float64(0.0), 'max_sentiment': 0.0, 'min_sentiment': 0.0, 'total_items': 1}
2025-03-27 23:29:15,019 - WARNING - News file not found: data\newsapi_news.json
2025-03-27 23:29:15,020 - WARNING - Twitter data file not found
2025-03-27 23:29:15,020 - INFO - Step 3: Analyzing market trends
2025-03-27 23:29:15,020 - INFO - Starting market trend analysis
2025-03-27 23:29:15,020 - ERROR - File not found: data\coindesk_sentiment.json
2025-03-27 23:29:15,021 - ERROR - File not found: data\cryptopanic_sentiment.json
2025-03-27 23:29:15,021 - ERROR - File not found: data\newsapi_sentiment.json
2025-03-27 23:29:15,021 - ERROR - File not found: data\twitter_sentiment.json
2025-03-27 23:29:15,022 - ERROR - Error loading market data: [Errno 2] No such file or directory: 'data\\market_data.json'
2025-03-27 23:29:15,027 - INFO - Market trend analysis completed
2025-03-27 23:29:15,028 - INFO - Step 4: Generating predictions
2025-03-27 23:29:15,028 - ERROR - Error in prediction generation: [Errno 2] No such file or directory: 'data\\market_trends.json'
2025-03-27 23:29:15,028 - ERROR - Pipeline failed: [Errno 2] No such file or directory: 'data\\market_trends.json'
Traceback (most recent call last):
  File "C:\Users\adity\Documents\GitHub\Crypto Bot\main.py", line 58, in run_pipeline
    predictions, confidence_scores = generate_predictions()
                                     ~~~~~~~~~~~~~~~~~~~~^^
  File "C:\Users\adity\Documents\GitHub\Crypto Bot\prediction_generation.py", line 177, in generate_predictions
    with open(os.path.join("data", "market_trends.json"), "r") as file:
         ~~~~^^^^^^^^^^^^^^^^^^^^^^^^^^^^^^^^^^^^^^^^^^^^^^^^^
FileNotFoundError: [Errno 2] No such file or directory: 'data\\market_trends.json'
2025-03-27 23:29:15,031 - ERROR - Pipeline execution failed: [Errno 2] No such file or directory: 'data\\market_trends.json'
Traceback (most recent call last):
  File "C:\Users\adity\Documents\GitHub\Crypto Bot\main.py", line 99, in main
    results = bot.run_pipeline()
  File "C:\Users\adity\Documents\GitHub\Crypto Bot\main.py", line 58, in run_pipeline
    predictions, confidence_scores = generate_predictions()
                                     ~~~~~~~~~~~~~~~~~~~~^^
  File "C:\Users\adity\Documents\GitHub\Crypto Bot\prediction_generation.py", line 177, in generate_predictions
    with open(os.path.join("data", "market_trends.json"), "r") as file:
         ~~~~^^^^^^^^^^^^^^^^^^^^^^^^^^^^^^^^^^^^^^^^^^^^^^^^^
FileNotFoundError: [Errno 2] No such file or directory: 'data\\market_trends.json'
2025-03-27 23:29:48,100 - INFO - Starting crypto bot pipeline
2025-03-27 23:29:48,101 - INFO - Step 1: Collecting data
2025-03-27 23:29:48,101 - INFO - Starting data collection
2025-03-27 23:29:48,121 - ERROR - Connection error to https://api.coindesk.com/v1/bpi/currentprice.json. Attempt 1/3
2025-03-27 23:29:49,125 - ERROR - Connection error to https://api.coindesk.com/v1/bpi/currentprice.json. Attempt 2/3
2025-03-27 23:29:51,129 - ERROR - Connection error to https://api.coindesk.com/v1/bpi/currentprice.json. Attempt 3/3
2025-03-27 23:29:51,129 - ERROR - Failed to fetch coindesk data: HTTPSConnectionPool(host='api.coindesk.com', port=443): Max retries exceeded with url: /v1/bpi/currentprice.json (Caused by NameResolutionError("<urllib3.connection.HTTPSConnection object at 0x000002A69D5D74D0>: Failed to resolve 'api.coindesk.com' ([Errno 11001] getaddrinfo failed)"))
2025-03-27 23:29:51,130 - INFO - Using cached data for cryptopanic
2025-03-27 23:29:51,171 - INFO - Successfully collected cryptopanic news
2025-03-27 23:29:52,352 - ERROR - Request error for https://newsapi.org/v2/everything?q=cryptocurrency&apiKey=5d3efdf3405c86e637926d16c630b32483628a26: 401 Client Error: Unauthorized for url: https://newsapi.org/v2/everything?q=cryptocurrency&apiKey=5d3efdf3405c86e637926d16c630b32483628a26
2025-03-27 23:29:53,673 - ERROR - Request error for https://newsapi.org/v2/everything?q=cryptocurrency&apiKey=5d3efdf3405c86e637926d16c630b32483628a26: 401 Client Error: Unauthorized for url: https://newsapi.org/v2/everything?q=cryptocurrency&apiKey=5d3efdf3405c86e637926d16c630b32483628a26
2025-03-27 23:29:56,067 - ERROR - Request error for https://newsapi.org/v2/everything?q=cryptocurrency&apiKey=5d3efdf3405c86e637926d16c630b32483628a26: 401 Client Error: Unauthorized for url: https://newsapi.org/v2/everything?q=cryptocurrency&apiKey=5d3efdf3405c86e637926d16c630b32483628a26
2025-03-27 23:29:56,067 - ERROR - Failed to fetch newsapi data: 401 Client Error: Unauthorized for url: https://newsapi.org/v2/everything?q=cryptocurrency&apiKey=5d3efdf3405c86e637926d16c630b32483628a26
2025-03-27 23:29:56,378 - ERROR - Twitter API error: 403 Forbidden
453 - You currently have access to a subset of X API V2 endpoints and limited v1.1 endpoints (e.g. media post, oauth) only. If you need access to this endpoint, you may need a different access level. You can learn more here: https://developer.x.com/en/portal/product
2025-03-27 23:29:56,379 - INFO - Using cached market data
2025-03-27 23:29:56,403 - INFO - Created historical data file with 30 samples
2025-03-27 23:29:56,404 - INFO - Data collection completed
2025-03-27 23:29:56,404 - INFO - Step 2: Performing sentiment analysis
2025-03-27 23:29:56,404 - WARNING - News file not found: data\coindesk_news.json
2025-03-27 23:29:56,629 - ERROR - Error in sentiment analysis: 
**********************************************************************
  Resource [93mpunkt_tab[0m not found.
  Please use the NLTK Downloader to obtain the resource:

  [31m>>> import nltk
  >>> nltk.download('punkt_tab')
  [0m
  For more information see: https://www.nltk.org/data.html

  Attempted to load [93mtokenizers/punkt_tab/english/[0m

  Searched in:
    - 'C:\\Users\\adity/nltk_data'
    - 'C:\\Python313\\nltk_data'
    - 'C:\\Python313\\share\\nltk_data'
    - 'C:\\Python313\\lib\\nltk_data'
    - 'C:\\Users\\adity\\AppData\\Roaming\\nltk_data'
    - 'C:\\nltk_data'
    - 'D:\\nltk_data'
    - 'E:\\nltk_data'
**********************************************************************

2025-03-27 23:29:56,631 - ERROR - Error processing item: 
**********************************************************************
  Resource [93mpunkt_tab[0m not found.
  Please use the NLTK Downloader to obtain the resource:

  [31m>>> import nltk
  >>> nltk.download('punkt_tab')
  [0m
  For more information see: https://www.nltk.org/data.html

  Attempted to load [93mtokenizers/punkt_tab/english/[0m

  Searched in:
    - 'C:\\Users\\adity/nltk_data'
    - 'C:\\Python313\\nltk_data'
    - 'C:\\Python313\\share\\nltk_data'
    - 'C:\\Python313\\lib\\nltk_data'
    - 'C:\\Users\\adity\\AppData\\Roaming\\nltk_data'
    - 'C:\\nltk_data'
    - 'D:\\nltk_data'
    - 'E:\\nltk_data'
**********************************************************************

2025-03-27 23:29:56,633 - INFO - Aggregate metrics for data\cryptopanic_news.json: {'mean_sentiment': np.float64(0.0), 'std_sentiment': np.float64(0.0), 'max_sentiment': 0.0, 'min_sentiment': 0.0, 'total_items': 1}
2025-03-27 23:29:56,633 - WARNING - News file not found: data\newsapi_news.json
2025-03-27 23:29:56,633 - WARNING - Twitter data file not found
2025-03-27 23:29:56,633 - INFO - Step 3: Analyzing market trends
2025-03-27 23:29:56,633 - INFO - Starting market trend analysis
2025-03-27 23:29:56,634 - ERROR - File not found: data\coindesk_sentiment.json
2025-03-27 23:29:56,634 - ERROR - File not found: data\cryptopanic_sentiment.json
2025-03-27 23:29:56,634 - ERROR - File not found: data\newsapi_sentiment.json
2025-03-27 23:29:56,634 - ERROR - File not found: data\twitter_sentiment.json
2025-03-27 23:29:56,634 - ERROR - Error loading market data: [Errno 2] No such file or directory: 'data\\market_data.json'
2025-03-27 23:29:56,639 - INFO - Market trend analysis completed
2025-03-27 23:29:56,639 - INFO - Step 4: Generating predictions
2025-03-27 23:29:56,639 - ERROR - Error in prediction generation: [Errno 2] No such file or directory: 'data\\market_trends.json'
2025-03-27 23:29:56,639 - ERROR - Pipeline failed: [Errno 2] No such file or directory: 'data\\market_trends.json'
Traceback (most recent call last):
  File "C:\Users\adity\Documents\GitHub\Crypto Bot\main.py", line 58, in run_pipeline
    predictions, confidence_scores = generate_predictions()
                                     ~~~~~~~~~~~~~~~~~~~~^^
  File "C:\Users\adity\Documents\GitHub\Crypto Bot\prediction_generation.py", line 177, in generate_predictions
    with open(os.path.join("data", "market_trends.json"), "r") as file:
         ~~~~^^^^^^^^^^^^^^^^^^^^^^^^^^^^^^^^^^^^^^^^^^^^^^^^^
FileNotFoundError: [Errno 2] No such file or directory: 'data\\market_trends.json'
2025-03-27 23:29:56,644 - ERROR - Pipeline execution failed: [Errno 2] No such file or directory: 'data\\market_trends.json'
Traceback (most recent call last):
  File "C:\Users\adity\Documents\GitHub\Crypto Bot\main.py", line 99, in main
    results = bot.run_pipeline()
  File "C:\Users\adity\Documents\GitHub\Crypto Bot\main.py", line 58, in run_pipeline
    predictions, confidence_scores = generate_predictions()
                                     ~~~~~~~~~~~~~~~~~~~~^^
  File "C:\Users\adity\Documents\GitHub\Crypto Bot\prediction_generation.py", line 177, in generate_predictions
    with open(os.path.join("data", "market_trends.json"), "r") as file:
         ~~~~^^^^^^^^^^^^^^^^^^^^^^^^^^^^^^^^^^^^^^^^^^^^^^^^^
FileNotFoundError: [Errno 2] No such file or directory: 'data\\market_trends.json'
2025-03-27 23:30:29,539 - INFO - Starting crypto bot pipeline
2025-03-27 23:30:29,539 - INFO - Step 1: Collecting data
2025-03-27 23:30:29,540 - INFO - Starting data collection
2025-03-27 23:30:29,558 - ERROR - Connection error to https://api.coindesk.com/v1/bpi/currentprice.json. Attempt 1/3
2025-03-27 23:30:30,561 - ERROR - Connection error to https://api.coindesk.com/v1/bpi/currentprice.json. Attempt 2/3
2025-03-27 23:30:32,575 - ERROR - Connection error to https://api.coindesk.com/v1/bpi/currentprice.json. Attempt 3/3
2025-03-27 23:30:32,575 - ERROR - Failed to fetch coindesk data: HTTPSConnectionPool(host='api.coindesk.com', port=443): Max retries exceeded with url: /v1/bpi/currentprice.json (Caused by NameResolutionError("<urllib3.connection.HTTPSConnection object at 0x0000022D4D857610>: Failed to resolve 'api.coindesk.com' ([Errno 11001] getaddrinfo failed)"))
2025-03-27 23:30:32,575 - INFO - Using cached data for cryptopanic
2025-03-27 23:30:32,581 - INFO - Successfully collected cryptopanic news
2025-03-27 23:30:32,888 - ERROR - Request error for https://newsapi.org/v2/everything?q=cryptocurrency&apiKey=5d3efdf3405c86e637926d16c630b32483628a26: 401 Client Error: Unauthorized for url: https://newsapi.org/v2/everything?q=cryptocurrency&apiKey=5d3efdf3405c86e637926d16c630b32483628a26
2025-03-27 23:30:34,194 - ERROR - Request error for https://newsapi.org/v2/everything?q=cryptocurrency&apiKey=5d3efdf3405c86e637926d16c630b32483628a26: 401 Client Error: Unauthorized for url: https://newsapi.org/v2/everything?q=cryptocurrency&apiKey=5d3efdf3405c86e637926d16c630b32483628a26
2025-03-27 23:30:37,174 - ERROR - Request error for https://newsapi.org/v2/everything?q=cryptocurrency&apiKey=5d3efdf3405c86e637926d16c630b32483628a26: 401 Client Error: Unauthorized for url: https://newsapi.org/v2/everything?q=cryptocurrency&apiKey=5d3efdf3405c86e637926d16c630b32483628a26
2025-03-27 23:30:37,174 - ERROR - Failed to fetch newsapi data: 401 Client Error: Unauthorized for url: https://newsapi.org/v2/everything?q=cryptocurrency&apiKey=5d3efdf3405c86e637926d16c630b32483628a26
2025-03-27 23:30:37,499 - ERROR - Twitter API error: 403 Forbidden
453 - You currently have access to a subset of X API V2 endpoints and limited v1.1 endpoints (e.g. media post, oauth) only. If you need access to this endpoint, you may need a different access level. You can learn more here: https://developer.x.com/en/portal/product
2025-03-27 23:30:37,499 - INFO - Using cached market data
2025-03-27 23:30:37,503 - INFO - Created historical data file with 30 samples
2025-03-27 23:30:37,503 - INFO - Data collection completed
2025-03-27 23:30:37,503 - INFO - Step 2: Performing sentiment analysis
2025-03-27 23:30:37,503 - WARNING - News file not found: data\coindesk_news.json
2025-03-27 23:30:37,733 - ERROR - Error in sentiment analysis: 
**********************************************************************
  Resource [93mpunkt_tab[0m not found.
  Please use the NLTK Downloader to obtain the resource:

  [31m>>> import nltk
  >>> nltk.download('punkt_tab')
  [0m
  For more information see: https://www.nltk.org/data.html

  Attempted to load [93mtokenizers/punkt_tab/english/[0m

  Searched in:
    - 'C:\\Users\\adity/nltk_data'
    - 'C:\\Python313\\nltk_data'
    - 'C:\\Python313\\share\\nltk_data'
    - 'C:\\Python313\\lib\\nltk_data'
    - 'C:\\Users\\adity\\AppData\\Roaming\\nltk_data'
    - 'C:\\nltk_data'
    - 'D:\\nltk_data'
    - 'E:\\nltk_data'
**********************************************************************

2025-03-27 23:30:37,735 - ERROR - Error processing item: 
**********************************************************************
  Resource [93mpunkt_tab[0m not found.
  Please use the NLTK Downloader to obtain the resource:

  [31m>>> import nltk
  >>> nltk.download('punkt_tab')
  [0m
  For more information see: https://www.nltk.org/data.html

  Attempted to load [93mtokenizers/punkt_tab/english/[0m

  Searched in:
    - 'C:\\Users\\adity/nltk_data'
    - 'C:\\Python313\\nltk_data'
    - 'C:\\Python313\\share\\nltk_data'
    - 'C:\\Python313\\lib\\nltk_data'
    - 'C:\\Users\\adity\\AppData\\Roaming\\nltk_data'
    - 'C:\\nltk_data'
    - 'D:\\nltk_data'
    - 'E:\\nltk_data'
**********************************************************************

2025-03-27 23:30:37,737 - INFO - Aggregate metrics for data\cryptopanic_news.json: {'mean_sentiment': np.float64(0.0), 'std_sentiment': np.float64(0.0), 'max_sentiment': 0.0, 'min_sentiment': 0.0, 'total_items': 1}
2025-03-27 23:30:37,737 - WARNING - News file not found: data\newsapi_news.json
2025-03-27 23:30:37,737 - WARNING - Twitter data file not found
2025-03-27 23:30:37,737 - INFO - Step 3: Analyzing market trends
2025-03-27 23:30:37,738 - INFO - Starting market trend analysis
2025-03-27 23:30:37,738 - ERROR - File not found: data\coindesk_sentiment.json
2025-03-27 23:30:37,738 - ERROR - File not found: data\cryptopanic_sentiment.json
2025-03-27 23:30:37,738 - ERROR - File not found: data\newsapi_sentiment.json
2025-03-27 23:30:37,738 - ERROR - File not found: data\twitter_sentiment.json
2025-03-27 23:30:37,739 - ERROR - Error loading market data: [Errno 2] No such file or directory: 'data\\market_data.json'
2025-03-27 23:30:37,743 - INFO - Market trend analysis completed
2025-03-27 23:30:37,744 - INFO - Step 4: Generating predictions
2025-03-27 23:30:37,747 - ERROR - Error loading model: No trained models found
2025-03-27 23:30:37,747 - ERROR - Error in prediction generation: No trained models found
2025-03-27 23:30:37,748 - ERROR - Pipeline failed: No trained models found
Traceback (most recent call last):
  File "C:\Users\adity\Documents\GitHub\Crypto Bot\main.py", line 58, in run_pipeline
    predictions, confidence_scores = generate_predictions()
                                     ~~~~~~~~~~~~~~~~~~~~^^
  File "C:\Users\adity\Documents\GitHub\Crypto Bot\prediction_generation.py", line 181, in generate_predictions
    generator = PredictionGenerator()
  File "C:\Users\adity\Documents\GitHub\Crypto Bot\prediction_generation.py", line 36, in __init__
    self._load_latest_model()
    ~~~~~~~~~~~~~~~~~~~~~~~^^
  File "C:\Users\adity\Documents\GitHub\Crypto Bot\prediction_generation.py", line 44, in _load_latest_model
    raise FileNotFoundError("No trained models found")
FileNotFoundError: No trained models found
2025-03-27 23:30:37,751 - ERROR - Pipeline execution failed: No trained models found
Traceback (most recent call last):
  File "C:\Users\adity\Documents\GitHub\Crypto Bot\main.py", line 99, in main
    results = bot.run_pipeline()
  File "C:\Users\adity\Documents\GitHub\Crypto Bot\main.py", line 58, in run_pipeline
    predictions, confidence_scores = generate_predictions()
                                     ~~~~~~~~~~~~~~~~~~~~^^
  File "C:\Users\adity\Documents\GitHub\Crypto Bot\prediction_generation.py", line 181, in generate_predictions
    generator = PredictionGenerator()
  File "C:\Users\adity\Documents\GitHub\Crypto Bot\prediction_generation.py", line 36, in __init__
    self._load_latest_model()
    ~~~~~~~~~~~~~~~~~~~~~~~^^
  File "C:\Users\adity\Documents\GitHub\Crypto Bot\prediction_generation.py", line 44, in _load_latest_model
    raise FileNotFoundError("No trained models found")
FileNotFoundError: No trained models found
2025-03-27 23:31:28,436 - INFO - Starting crypto bot pipeline
2025-03-27 23:31:28,436 - INFO - Step 1: Collecting data
2025-03-27 23:31:28,437 - INFO - Starting data collection
2025-03-27 23:31:28,455 - ERROR - Connection error to https://api.coindesk.com/v1/bpi/currentprice.json. Attempt 1/3
2025-03-27 23:31:29,458 - ERROR - Connection error to https://api.coindesk.com/v1/bpi/currentprice.json. Attempt 2/3
2025-03-27 23:31:31,461 - ERROR - Connection error to https://api.coindesk.com/v1/bpi/currentprice.json. Attempt 3/3
2025-03-27 23:31:31,462 - ERROR - Failed to fetch coindesk data: HTTPSConnectionPool(host='api.coindesk.com', port=443): Max retries exceeded with url: /v1/bpi/currentprice.json (Caused by NameResolutionError("<urllib3.connection.HTTPSConnection object at 0x00000283CB5874D0>: Failed to resolve 'api.coindesk.com' ([Errno 11001] getaddrinfo failed)"))
2025-03-27 23:31:31,462 - INFO - Using cached data for cryptopanic
2025-03-27 23:31:31,467 - INFO - Successfully collected cryptopanic news
2025-03-27 23:31:31,770 - ERROR - Request error for https://newsapi.org/v2/everything?q=cryptocurrency&apiKey=5d3efdf3405c86e637926d16c630b32483628a26: 401 Client Error: Unauthorized for url: https://newsapi.org/v2/everything?q=cryptocurrency&apiKey=5d3efdf3405c86e637926d16c630b32483628a26
2025-03-27 23:31:33,078 - ERROR - Request error for https://newsapi.org/v2/everything?q=cryptocurrency&apiKey=5d3efdf3405c86e637926d16c630b32483628a26: 401 Client Error: Unauthorized for url: https://newsapi.org/v2/everything?q=cryptocurrency&apiKey=5d3efdf3405c86e637926d16c630b32483628a26
2025-03-27 23:31:36,245 - ERROR - Request error for https://newsapi.org/v2/everything?q=cryptocurrency&apiKey=5d3efdf3405c86e637926d16c630b32483628a26: 401 Client Error: Unauthorized for url: https://newsapi.org/v2/everything?q=cryptocurrency&apiKey=5d3efdf3405c86e637926d16c630b32483628a26
2025-03-27 23:31:36,246 - ERROR - Failed to fetch newsapi data: 401 Client Error: Unauthorized for url: https://newsapi.org/v2/everything?q=cryptocurrency&apiKey=5d3efdf3405c86e637926d16c630b32483628a26
2025-03-27 23:31:36,764 - ERROR - Twitter API error: 403 Forbidden
453 - You currently have access to a subset of X API V2 endpoints and limited v1.1 endpoints (e.g. media post, oauth) only. If you need access to this endpoint, you may need a different access level. You can learn more here: https://developer.x.com/en/portal/product
2025-03-27 23:31:36,764 - INFO - Using cached market data
2025-03-27 23:31:36,768 - INFO - Created historical data file with 30 samples
2025-03-27 23:31:36,768 - INFO - Data collection completed
2025-03-27 23:31:36,769 - INFO - Step 2: Performing sentiment analysis
2025-03-27 23:31:36,769 - WARNING - News file not found: data\coindesk_news.json
2025-03-27 23:31:36,997 - ERROR - Error in sentiment analysis: 
**********************************************************************
  Resource [93mpunkt_tab[0m not found.
  Please use the NLTK Downloader to obtain the resource:

  [31m>>> import nltk
  >>> nltk.download('punkt_tab')
  [0m
  For more information see: https://www.nltk.org/data.html

  Attempted to load [93mtokenizers/punkt_tab/english/[0m

  Searched in:
    - 'C:\\Users\\adity/nltk_data'
    - 'C:\\Python313\\nltk_data'
    - 'C:\\Python313\\share\\nltk_data'
    - 'C:\\Python313\\lib\\nltk_data'
    - 'C:\\Users\\adity\\AppData\\Roaming\\nltk_data'
    - 'C:\\nltk_data'
    - 'D:\\nltk_data'
    - 'E:\\nltk_data'
**********************************************************************

2025-03-27 23:31:37,000 - ERROR - Error processing item: 
**********************************************************************
  Resource [93mpunkt_tab[0m not found.
  Please use the NLTK Downloader to obtain the resource:

  [31m>>> import nltk
  >>> nltk.download('punkt_tab')
  [0m
  For more information see: https://www.nltk.org/data.html

  Attempted to load [93mtokenizers/punkt_tab/english/[0m

  Searched in:
    - 'C:\\Users\\adity/nltk_data'
    - 'C:\\Python313\\nltk_data'
    - 'C:\\Python313\\share\\nltk_data'
    - 'C:\\Python313\\lib\\nltk_data'
    - 'C:\\Users\\adity\\AppData\\Roaming\\nltk_data'
    - 'C:\\nltk_data'
    - 'D:\\nltk_data'
    - 'E:\\nltk_data'
**********************************************************************

2025-03-27 23:31:37,001 - INFO - Aggregate metrics for data\cryptopanic_news.json: {'mean_sentiment': np.float64(0.0), 'std_sentiment': np.float64(0.0), 'max_sentiment': 0.0, 'min_sentiment': 0.0, 'total_items': 1}
2025-03-27 23:31:37,002 - WARNING - News file not found: data\newsapi_news.json
2025-03-27 23:31:37,002 - WARNING - Twitter data file not found
2025-03-27 23:31:37,002 - INFO - Step 3: Analyzing market trends
2025-03-27 23:31:37,002 - INFO - Starting market trend analysis
2025-03-27 23:31:37,002 - ERROR - File not found: data\coindesk_sentiment.json
2025-03-27 23:31:37,003 - ERROR - File not found: data\cryptopanic_sentiment.json
2025-03-27 23:31:37,003 - ERROR - File not found: data\newsapi_sentiment.json
2025-03-27 23:31:37,003 - ERROR - File not found: data\twitter_sentiment.json
2025-03-27 23:31:37,003 - ERROR - Error loading market data: [Errno 2] No such file or directory: 'data\\market_data.json'
2025-03-27 23:31:37,008 - INFO - Market trend analysis completed
2025-03-27 23:31:37,008 - INFO - Step 4: Generating predictions
2025-03-27 23:31:37,232 - INFO - Loaded model from model_20250327.pkl
2025-03-27 23:31:37,233 - INFO - Model features: ['price', 'market_cap', 'volume', 'price_change_24h', 'market_cap_change_24h', 'volume_change_24h']
2025-03-27 23:31:37,268 - INFO - Saved predictions to data\predictions.json
2025-03-27 23:31:37,268 - INFO - Pipeline completed successfully
2025-03-27 23:46:06,396 - INFO - Twitter API initialized successfully
2025-03-27 23:46:06,396 - INFO - Starting crypto bot pipeline
2025-03-27 23:46:06,397 - INFO - Step 1: Collecting data
2025-03-27 23:46:06,397 - INFO - Starting data collection
2025-03-27 23:46:08,178 - INFO - Successfully collected market data
2025-03-27 23:46:11,688 - INFO - Successfully collected news data from 4 sources
2025-03-27 23:46:11,711 - WARNING - Could not load sentiment data: [Errno 2] No such file or directory: 'data\\twitter_sentiment.json'
2025-03-27 23:46:11,712 - WARNING - Could not load sentiment data: [Errno 2] No such file or directory: 'data\\twitter_sentiment.json'
2025-03-27 23:46:11,712 - WARNING - Could not load sentiment data: [Errno 2] No such file or directory: 'data\\twitter_sentiment.json'
2025-03-27 23:46:11,712 - WARNING - Could not load sentiment data: [Errno 2] No such file or directory: 'data\\twitter_sentiment.json'
2025-03-27 23:46:11,712 - WARNING - Could not load sentiment data: [Errno 2] No such file or directory: 'data\\twitter_sentiment.json'
2025-03-27 23:46:11,712 - WARNING - Could not load sentiment data: [Errno 2] No such file or directory: 'data\\twitter_sentiment.json'
2025-03-27 23:46:11,713 - WARNING - Could not load sentiment data: [Errno 2] No such file or directory: 'data\\twitter_sentiment.json'
2025-03-27 23:46:11,713 - WARNING - Could not load sentiment data: [Errno 2] No such file or directory: 'data\\twitter_sentiment.json'
2025-03-27 23:46:11,713 - WARNING - Could not load sentiment data: [Errno 2] No such file or directory: 'data\\twitter_sentiment.json'
2025-03-27 23:46:11,713 - WARNING - Could not load sentiment data: [Errno 2] No such file or directory: 'data\\twitter_sentiment.json'
2025-03-27 23:46:11,713 - WARNING - Could not load sentiment data: [Errno 2] No such file or directory: 'data\\twitter_sentiment.json'
2025-03-27 23:46:11,713 - WARNING - Could not load sentiment data: [Errno 2] No such file or directory: 'data\\twitter_sentiment.json'
2025-03-27 23:46:11,714 - WARNING - Could not load sentiment data: [Errno 2] No such file or directory: 'data\\twitter_sentiment.json'
2025-03-27 23:46:11,714 - WARNING - Could not load sentiment data: [Errno 2] No such file or directory: 'data\\twitter_sentiment.json'
2025-03-27 23:46:11,714 - WARNING - Could not load sentiment data: [Errno 2] No such file or directory: 'data\\twitter_sentiment.json'
2025-03-27 23:46:11,714 - WARNING - Could not load sentiment data: [Errno 2] No such file or directory: 'data\\twitter_sentiment.json'
2025-03-27 23:46:11,714 - WARNING - Could not load sentiment data: [Errno 2] No such file or directory: 'data\\twitter_sentiment.json'
2025-03-27 23:46:11,714 - WARNING - Could not load sentiment data: [Errno 2] No such file or directory: 'data\\twitter_sentiment.json'
2025-03-27 23:46:11,715 - WARNING - Could not load sentiment data: [Errno 2] No such file or directory: 'data\\twitter_sentiment.json'
2025-03-27 23:46:11,715 - WARNING - Could not load sentiment data: [Errno 2] No such file or directory: 'data\\twitter_sentiment.json'
2025-03-27 23:46:11,715 - WARNING - Could not load sentiment data: [Errno 2] No such file or directory: 'data\\twitter_sentiment.json'
2025-03-27 23:46:11,715 - WARNING - Could not load sentiment data: [Errno 2] No such file or directory: 'data\\twitter_sentiment.json'
2025-03-27 23:46:11,715 - WARNING - Could not load sentiment data: [Errno 2] No such file or directory: 'data\\twitter_sentiment.json'
2025-03-27 23:46:11,715 - WARNING - Could not load sentiment data: [Errno 2] No such file or directory: 'data\\twitter_sentiment.json'
2025-03-27 23:46:11,716 - WARNING - Could not load sentiment data: [Errno 2] No such file or directory: 'data\\twitter_sentiment.json'
2025-03-27 23:46:11,716 - WARNING - Could not load sentiment data: [Errno 2] No such file or directory: 'data\\twitter_sentiment.json'
2025-03-27 23:46:11,716 - WARNING - Could not load sentiment data: [Errno 2] No such file or directory: 'data\\twitter_sentiment.json'
2025-03-27 23:46:11,716 - WARNING - Could not load sentiment data: [Errno 2] No such file or directory: 'data\\twitter_sentiment.json'
2025-03-27 23:46:11,716 - WARNING - Could not load sentiment data: [Errno 2] No such file or directory: 'data\\twitter_sentiment.json'
2025-03-27 23:46:11,717 - WARNING - Could not load sentiment data: [Errno 2] No such file or directory: 'data\\twitter_sentiment.json'
2025-03-27 23:46:11,717 - WARNING - Could not load sentiment data: [Errno 2] No such file or directory: 'data\\twitter_sentiment.json'
2025-03-27 23:46:11,720 - INFO - Created historical data file with 31 samples
2025-03-27 23:46:11,720 - INFO - Data collection completed
2025-03-27 23:46:11,721 - INFO - Step 2: Performing sentiment analysis
2025-03-27 23:46:11,721 - WARNING - News file not found: data\coindesk_news.json
2025-03-27 23:46:11,978 - ERROR - Error in sentiment analysis: 
**********************************************************************
  Resource [93mpunkt_tab[0m not found.
  Please use the NLTK Downloader to obtain the resource:

  [31m>>> import nltk
  >>> nltk.download('punkt_tab')
  [0m
  For more information see: https://www.nltk.org/data.html

  Attempted to load [93mtokenizers/punkt_tab/english/[0m

  Searched in:
    - 'C:\\Users\\adity/nltk_data'
    - 'C:\\Python313\\nltk_data'
    - 'C:\\Python313\\share\\nltk_data'
    - 'C:\\Python313\\lib\\nltk_data'
    - 'C:\\Users\\adity\\AppData\\Roaming\\nltk_data'
    - 'C:\\nltk_data'
    - 'D:\\nltk_data'
    - 'E:\\nltk_data'
**********************************************************************

2025-03-27 23:46:11,979 - ERROR - Error processing news data: 
**********************************************************************
  Resource [93mpunkt_tab[0m not found.
  Please use the NLTK Downloader to obtain the resource:

  [31m>>> import nltk
  >>> nltk.download('punkt_tab')
  [0m
  For more information see: https://www.nltk.org/data.html

  Attempted to load [93mtokenizers/punkt_tab/english/[0m

  Searched in:
    - 'C:\\Users\\adity/nltk_data'
    - 'C:\\Python313\\nltk_data'
    - 'C:\\Python313\\share\\nltk_data'
    - 'C:\\Python313\\lib\\nltk_data'
    - 'C:\\Users\\adity\\AppData\\Roaming\\nltk_data'
    - 'C:\\nltk_data'
    - 'D:\\nltk_data'
    - 'E:\\nltk_data'
**********************************************************************

2025-03-27 23:46:11,980 - WARNING - News file not found: data\newsapi_news.json
2025-03-27 23:46:11,980 - WARNING - Twitter data file not found
2025-03-27 23:46:11,980 - INFO - Step 3: Analyzing market trends
2025-03-27 23:46:11,980 - INFO - Starting market trend analysis
2025-03-27 23:46:11,981 - ERROR - File not found: data\coindesk_sentiment.json
2025-03-27 23:46:11,981 - ERROR - File not found: data\cryptopanic_sentiment.json
2025-03-27 23:46:11,981 - ERROR - File not found: data\newsapi_sentiment.json
2025-03-27 23:46:11,981 - ERROR - File not found: data\twitter_sentiment.json
2025-03-27 23:46:12,007 - ERROR - Error loading market data: unconverted data remains when parsing with format "%Y-%m-%dT%H:%M:%S": ".173596", at position 31. You might want to try:
    - passing `format` if your strings have a consistent format;
    - passing `format='ISO8601'` if your strings are all ISO8601 but not necessarily in exactly the same format;
    - passing `format='mixed'`, and the format will be inferred for each element individually. You might want to use `dayfirst` alongside this.
2025-03-27 23:46:12,013 - INFO - Market trend analysis completed
2025-03-27 23:46:12,013 - INFO - Step 4: Generating predictions
2025-03-27 23:46:12,198 - INFO - Loaded model from model_20250327.pkl
2025-03-27 23:46:12,198 - INFO - Model features: ['price', 'market_cap', 'volume', 'price_change_24h', 'market_cap_change_24h', 'volume_change_24h']
2025-03-27 23:46:12,232 - INFO - Saved predictions to data\predictions.json
2025-03-27 23:46:12,232 - INFO - Pipeline completed successfully
2025-03-27 23:47:38,139 - INFO - Twitter API initialized successfully
2025-03-27 23:47:38,140 - INFO - Starting crypto bot pipeline
2025-03-27 23:47:38,141 - INFO - Step 1: Collecting data
2025-03-27 23:47:38,141 - INFO - Starting data collection
2025-03-27 23:47:39,303 - INFO - Successfully collected market data
2025-03-27 23:47:40,327 - ERROR - Error fetching bbc-news data: 401 Client Error: Unauthorized for url: https://newsapi.org/v2/everything?q=cryptocurrency&apiKey=dc9d3c1ce2194461851bbbdbe31f52cd/everything/bbc-news.json
2025-03-27 23:47:40,605 - ERROR - Error fetching cnn data: 401 Client Error: Unauthorized for url: https://newsapi.org/v2/everything?q=cryptocurrency&apiKey=dc9d3c1ce2194461851bbbdbe31f52cd/everything/cnn.json
2025-03-27 23:47:40,993 - ERROR - Error fetching fox-news data: 401 Client Error: Unauthorized for url: https://newsapi.org/v2/everything?q=cryptocurrency&apiKey=dc9d3c1ce2194461851bbbdbe31f52cd/everything/fox-news.json
2025-03-27 23:47:42,020 - ERROR - Error fetching google-news data: 401 Client Error: Unauthorized for url: https://newsapi.org/v2/everything?q=cryptocurrency&apiKey=dc9d3c1ce2194461851bbbdbe31f52cd/everything/google-news.json
2025-03-27 23:47:42,042 - WARNING - Could not load sentiment data: [Errno 2] No such file or directory: 'data\\twitter_sentiment.json'
2025-03-27 23:47:42,043 - WARNING - Could not load sentiment data: [Errno 2] No such file or directory: 'data\\twitter_sentiment.json'
2025-03-27 23:47:42,043 - WARNING - Could not load sentiment data: [Errno 2] No such file or directory: 'data\\twitter_sentiment.json'
2025-03-27 23:47:42,043 - WARNING - Could not load sentiment data: [Errno 2] No such file or directory: 'data\\twitter_sentiment.json'
2025-03-27 23:47:42,043 - WARNING - Could not load sentiment data: [Errno 2] No such file or directory: 'data\\twitter_sentiment.json'
2025-03-27 23:47:42,043 - WARNING - Could not load sentiment data: [Errno 2] No such file or directory: 'data\\twitter_sentiment.json'
2025-03-27 23:47:42,044 - WARNING - Could not load sentiment data: [Errno 2] No such file or directory: 'data\\twitter_sentiment.json'
2025-03-27 23:47:42,044 - WARNING - Could not load sentiment data: [Errno 2] No such file or directory: 'data\\twitter_sentiment.json'
2025-03-27 23:47:42,044 - WARNING - Could not load sentiment data: [Errno 2] No such file or directory: 'data\\twitter_sentiment.json'
2025-03-27 23:47:42,044 - WARNING - Could not load sentiment data: [Errno 2] No such file or directory: 'data\\twitter_sentiment.json'
2025-03-27 23:47:42,044 - WARNING - Could not load sentiment data: [Errno 2] No such file or directory: 'data\\twitter_sentiment.json'
2025-03-27 23:47:42,044 - WARNING - Could not load sentiment data: [Errno 2] No such file or directory: 'data\\twitter_sentiment.json'
2025-03-27 23:47:42,044 - WARNING - Could not load sentiment data: [Errno 2] No such file or directory: 'data\\twitter_sentiment.json'
2025-03-27 23:47:42,045 - WARNING - Could not load sentiment data: [Errno 2] No such file or directory: 'data\\twitter_sentiment.json'
2025-03-27 23:47:42,045 - WARNING - Could not load sentiment data: [Errno 2] No such file or directory: 'data\\twitter_sentiment.json'
2025-03-27 23:47:42,045 - WARNING - Could not load sentiment data: [Errno 2] No such file or directory: 'data\\twitter_sentiment.json'
2025-03-27 23:47:42,045 - WARNING - Could not load sentiment data: [Errno 2] No such file or directory: 'data\\twitter_sentiment.json'
2025-03-27 23:47:42,045 - WARNING - Could not load sentiment data: [Errno 2] No such file or directory: 'data\\twitter_sentiment.json'
2025-03-27 23:47:42,045 - WARNING - Could not load sentiment data: [Errno 2] No such file or directory: 'data\\twitter_sentiment.json'
2025-03-27 23:47:42,046 - WARNING - Could not load sentiment data: [Errno 2] No such file or directory: 'data\\twitter_sentiment.json'
2025-03-27 23:47:42,046 - WARNING - Could not load sentiment data: [Errno 2] No such file or directory: 'data\\twitter_sentiment.json'
2025-03-27 23:47:42,046 - WARNING - Could not load sentiment data: [Errno 2] No such file or directory: 'data\\twitter_sentiment.json'
2025-03-27 23:47:42,046 - WARNING - Could not load sentiment data: [Errno 2] No such file or directory: 'data\\twitter_sentiment.json'
2025-03-27 23:47:42,047 - WARNING - Could not load sentiment data: [Errno 2] No such file or directory: 'data\\twitter_sentiment.json'
2025-03-27 23:47:42,047 - WARNING - Could not load sentiment data: [Errno 2] No such file or directory: 'data\\twitter_sentiment.json'
2025-03-27 23:47:42,047 - WARNING - Could not load sentiment data: [Errno 2] No such file or directory: 'data\\twitter_sentiment.json'
2025-03-27 23:47:42,047 - WARNING - Could not load sentiment data: [Errno 2] No such file or directory: 'data\\twitter_sentiment.json'
2025-03-27 23:47:42,048 - WARNING - Could not load sentiment data: [Errno 2] No such file or directory: 'data\\twitter_sentiment.json'
2025-03-27 23:47:42,048 - WARNING - Could not load sentiment data: [Errno 2] No such file or directory: 'data\\twitter_sentiment.json'
2025-03-27 23:47:42,048 - WARNING - Could not load sentiment data: [Errno 2] No such file or directory: 'data\\twitter_sentiment.json'
2025-03-27 23:47:42,049 - WARNING - Could not load sentiment data: [Errno 2] No such file or directory: 'data\\twitter_sentiment.json'
2025-03-27 23:47:42,052 - INFO - Created historical data file with 31 samples
2025-03-27 23:47:42,052 - INFO - Data collection completed
2025-03-27 23:47:42,052 - INFO - Step 2: Performing sentiment analysis
2025-03-27 23:47:42,053 - WARNING - News file not found: data\coindesk_news.json
2025-03-27 23:47:42,262 - ERROR - Error in sentiment analysis: 
**********************************************************************
  Resource [93mpunkt_tab[0m not found.
  Please use the NLTK Downloader to obtain the resource:

  [31m>>> import nltk
  >>> nltk.download('punkt_tab')
  [0m
  For more information see: https://www.nltk.org/data.html

  Attempted to load [93mtokenizers/punkt_tab/english/[0m

  Searched in:
    - 'C:\\Users\\adity/nltk_data'
    - 'C:\\Python313\\nltk_data'
    - 'C:\\Python313\\share\\nltk_data'
    - 'C:\\Python313\\lib\\nltk_data'
    - 'C:\\Users\\adity\\AppData\\Roaming\\nltk_data'
    - 'C:\\nltk_data'
    - 'D:\\nltk_data'
    - 'E:\\nltk_data'
**********************************************************************

2025-03-27 23:47:42,265 - ERROR - Error processing news data: 
**********************************************************************
  Resource [93mpunkt_tab[0m not found.
  Please use the NLTK Downloader to obtain the resource:

  [31m>>> import nltk
  >>> nltk.download('punkt_tab')
  [0m
  For more information see: https://www.nltk.org/data.html

  Attempted to load [93mtokenizers/punkt_tab/english/[0m

  Searched in:
    - 'C:\\Users\\adity/nltk_data'
    - 'C:\\Python313\\nltk_data'
    - 'C:\\Python313\\share\\nltk_data'
    - 'C:\\Python313\\lib\\nltk_data'
    - 'C:\\Users\\adity\\AppData\\Roaming\\nltk_data'
    - 'C:\\nltk_data'
    - 'D:\\nltk_data'
    - 'E:\\nltk_data'
**********************************************************************

2025-03-27 23:47:42,266 - WARNING - News file not found: data\newsapi_news.json
2025-03-27 23:47:42,266 - WARNING - Twitter data file not found
2025-03-27 23:47:42,266 - INFO - Step 3: Analyzing market trends
2025-03-27 23:47:42,266 - INFO - Starting market trend analysis
2025-03-27 23:47:42,266 - ERROR - File not found: data\coindesk_sentiment.json
2025-03-27 23:47:42,266 - ERROR - File not found: data\cryptopanic_sentiment.json
2025-03-27 23:47:42,267 - ERROR - File not found: data\newsapi_sentiment.json
2025-03-27 23:47:42,267 - ERROR - File not found: data\twitter_sentiment.json
2025-03-27 23:47:42,274 - ERROR - Error loading market data: unconverted data remains when parsing with format "%Y-%m-%dT%H:%M:%S": ".300876", at position 31. You might want to try:
    - passing `format` if your strings have a consistent format;
    - passing `format='ISO8601'` if your strings are all ISO8601 but not necessarily in exactly the same format;
    - passing `format='mixed'`, and the format will be inferred for each element individually. You might want to use `dayfirst` alongside this.
2025-03-27 23:47:42,274 - ERROR - No market data available for analysis
2025-03-27 23:47:42,274 - INFO - Step 4: Generating predictions
2025-03-27 23:47:42,468 - INFO - Loaded model from model_20250327.pkl
2025-03-27 23:47:42,468 - INFO - Model features: ['price', 'market_cap', 'volume', 'price_change_24h', 'market_cap_change_24h', 'volume_change_24h']
2025-03-27 23:47:42,501 - INFO - Saved predictions to data\predictions.json
2025-03-27 23:47:42,502 - INFO - Pipeline completed successfully
2025-03-27 23:48:15,005 - INFO - Twitter API initialized successfully
2025-03-27 23:48:15,006 - INFO - Starting crypto bot pipeline
2025-03-27 23:48:15,006 - INFO - Step 1: Collecting data
2025-03-27 23:48:15,006 - INFO - Starting data collection
2025-03-27 23:48:16,236 - INFO - Successfully collected market data
2025-03-27 23:48:17,205 - ERROR - Error fetching bbc-news data: 401 Client Error: Unauthorized for url: https://newsapi.org/v2/everything?q=cryptocurrency&apiKey=dc9d3c1ce2194461851bbbdbe31f52cd/everything/bbc-news.json
2025-03-27 23:48:18,172 - ERROR - Error fetching cnn data: 401 Client Error: Unauthorized for url: https://newsapi.org/v2/everything?q=cryptocurrency&apiKey=dc9d3c1ce2194461851bbbdbe31f52cd/everything/cnn.json
2025-03-27 23:48:18,455 - ERROR - Error fetching fox-news data: 401 Client Error: Unauthorized for url: https://newsapi.org/v2/everything?q=cryptocurrency&apiKey=dc9d3c1ce2194461851bbbdbe31f52cd/everything/fox-news.json
2025-03-27 23:48:18,731 - ERROR - Error fetching google-news data: 401 Client Error: Unauthorized for url: https://newsapi.org/v2/everything?q=cryptocurrency&apiKey=dc9d3c1ce2194461851bbbdbe31f52cd/everything/google-news.json
2025-03-27 23:48:18,753 - WARNING - Could not load sentiment data: [Errno 2] No such file or directory: 'data\\twitter_sentiment.json'
2025-03-27 23:48:18,753 - WARNING - Could not load sentiment data: [Errno 2] No such file or directory: 'data\\twitter_sentiment.json'
2025-03-27 23:48:18,754 - WARNING - Could not load sentiment data: [Errno 2] No such file or directory: 'data\\twitter_sentiment.json'
2025-03-27 23:48:18,754 - WARNING - Could not load sentiment data: [Errno 2] No such file or directory: 'data\\twitter_sentiment.json'
2025-03-27 23:48:18,754 - WARNING - Could not load sentiment data: [Errno 2] No such file or directory: 'data\\twitter_sentiment.json'
2025-03-27 23:48:18,754 - WARNING - Could not load sentiment data: [Errno 2] No such file or directory: 'data\\twitter_sentiment.json'
2025-03-27 23:48:18,755 - WARNING - Could not load sentiment data: [Errno 2] No such file or directory: 'data\\twitter_sentiment.json'
2025-03-27 23:48:18,755 - WARNING - Could not load sentiment data: [Errno 2] No such file or directory: 'data\\twitter_sentiment.json'
2025-03-27 23:48:18,755 - WARNING - Could not load sentiment data: [Errno 2] No such file or directory: 'data\\twitter_sentiment.json'
2025-03-27 23:48:18,755 - WARNING - Could not load sentiment data: [Errno 2] No such file or directory: 'data\\twitter_sentiment.json'
2025-03-27 23:48:18,755 - WARNING - Could not load sentiment data: [Errno 2] No such file or directory: 'data\\twitter_sentiment.json'
2025-03-27 23:48:18,756 - WARNING - Could not load sentiment data: [Errno 2] No such file or directory: 'data\\twitter_sentiment.json'
2025-03-27 23:48:18,756 - WARNING - Could not load sentiment data: [Errno 2] No such file or directory: 'data\\twitter_sentiment.json'
2025-03-27 23:48:18,756 - WARNING - Could not load sentiment data: [Errno 2] No such file or directory: 'data\\twitter_sentiment.json'
2025-03-27 23:48:18,756 - WARNING - Could not load sentiment data: [Errno 2] No such file or directory: 'data\\twitter_sentiment.json'
2025-03-27 23:48:18,756 - WARNING - Could not load sentiment data: [Errno 2] No such file or directory: 'data\\twitter_sentiment.json'
2025-03-27 23:48:18,757 - WARNING - Could not load sentiment data: [Errno 2] No such file or directory: 'data\\twitter_sentiment.json'
2025-03-27 23:48:18,757 - WARNING - Could not load sentiment data: [Errno 2] No such file or directory: 'data\\twitter_sentiment.json'
2025-03-27 23:48:18,757 - WARNING - Could not load sentiment data: [Errno 2] No such file or directory: 'data\\twitter_sentiment.json'
2025-03-27 23:48:18,757 - WARNING - Could not load sentiment data: [Errno 2] No such file or directory: 'data\\twitter_sentiment.json'
2025-03-27 23:48:18,757 - WARNING - Could not load sentiment data: [Errno 2] No such file or directory: 'data\\twitter_sentiment.json'
2025-03-27 23:48:18,758 - WARNING - Could not load sentiment data: [Errno 2] No such file or directory: 'data\\twitter_sentiment.json'
2025-03-27 23:48:18,758 - WARNING - Could not load sentiment data: [Errno 2] No such file or directory: 'data\\twitter_sentiment.json'
2025-03-27 23:48:18,758 - WARNING - Could not load sentiment data: [Errno 2] No such file or directory: 'data\\twitter_sentiment.json'
2025-03-27 23:48:18,758 - WARNING - Could not load sentiment data: [Errno 2] No such file or directory: 'data\\twitter_sentiment.json'
2025-03-27 23:48:18,758 - WARNING - Could not load sentiment data: [Errno 2] No such file or directory: 'data\\twitter_sentiment.json'
2025-03-27 23:48:18,759 - WARNING - Could not load sentiment data: [Errno 2] No such file or directory: 'data\\twitter_sentiment.json'
2025-03-27 23:48:18,759 - WARNING - Could not load sentiment data: [Errno 2] No such file or directory: 'data\\twitter_sentiment.json'
2025-03-27 23:48:18,759 - WARNING - Could not load sentiment data: [Errno 2] No such file or directory: 'data\\twitter_sentiment.json'
2025-03-27 23:48:18,759 - WARNING - Could not load sentiment data: [Errno 2] No such file or directory: 'data\\twitter_sentiment.json'
2025-03-27 23:48:18,759 - WARNING - Could not load sentiment data: [Errno 2] No such file or directory: 'data\\twitter_sentiment.json'
2025-03-27 23:48:18,762 - INFO - Created historical data file with 31 samples
2025-03-27 23:48:18,763 - INFO - Data collection completed
2025-03-27 23:48:18,763 - INFO - Step 2: Performing sentiment analysis
2025-03-27 23:48:18,763 - WARNING - News file not found: data\coindesk_news.json
2025-03-27 23:48:18,971 - ERROR - Error in sentiment analysis: 
**********************************************************************
  Resource [93mpunkt_tab[0m not found.
  Please use the NLTK Downloader to obtain the resource:

  [31m>>> import nltk
  >>> nltk.download('punkt_tab')
  [0m
  For more information see: https://www.nltk.org/data.html

  Attempted to load [93mtokenizers/punkt_tab/english/[0m

  Searched in:
    - 'C:\\Users\\adity/nltk_data'
    - 'C:\\Python313\\nltk_data'
    - 'C:\\Python313\\share\\nltk_data'
    - 'C:\\Python313\\lib\\nltk_data'
    - 'C:\\Users\\adity\\AppData\\Roaming\\nltk_data'
    - 'C:\\nltk_data'
    - 'D:\\nltk_data'
    - 'E:\\nltk_data'
**********************************************************************

2025-03-27 23:48:18,974 - ERROR - Error processing news data: 
**********************************************************************
  Resource [93mpunkt_tab[0m not found.
  Please use the NLTK Downloader to obtain the resource:

  [31m>>> import nltk
  >>> nltk.download('punkt_tab')
  [0m
  For more information see: https://www.nltk.org/data.html

  Attempted to load [93mtokenizers/punkt_tab/english/[0m

  Searched in:
    - 'C:\\Users\\adity/nltk_data'
    - 'C:\\Python313\\nltk_data'
    - 'C:\\Python313\\share\\nltk_data'
    - 'C:\\Python313\\lib\\nltk_data'
    - 'C:\\Users\\adity\\AppData\\Roaming\\nltk_data'
    - 'C:\\nltk_data'
    - 'D:\\nltk_data'
    - 'E:\\nltk_data'
**********************************************************************

2025-03-27 23:48:18,974 - WARNING - News file not found: data\newsapi_news.json
2025-03-27 23:48:18,974 - WARNING - Twitter data file not found
2025-03-27 23:48:18,974 - INFO - Step 3: Analyzing market trends
2025-03-27 23:48:18,975 - INFO - Starting market trend analysis
2025-03-27 23:48:18,975 - ERROR - File not found: data\coindesk_sentiment.json
2025-03-27 23:48:18,975 - ERROR - File not found: data\cryptopanic_sentiment.json
2025-03-27 23:48:18,975 - ERROR - File not found: data\newsapi_sentiment.json
2025-03-27 23:48:18,975 - ERROR - File not found: data\twitter_sentiment.json
2025-03-27 23:48:18,985 - ERROR - Error loading market data: unconverted data remains when parsing with format "%Y-%m-%dT%H:%M:%S": ".233459", at position 31. You might want to try:
    - passing `format` if your strings have a consistent format;
    - passing `format='ISO8601'` if your strings are all ISO8601 but not necessarily in exactly the same format;
    - passing `format='mixed'`, and the format will be inferred for each element individually. You might want to use `dayfirst` alongside this.
2025-03-27 23:48:18,985 - ERROR - No market data available for analysis
2025-03-27 23:48:18,985 - INFO - Step 4: Generating predictions
2025-03-27 23:48:19,189 - INFO - Loaded model from model_20250327.pkl
2025-03-27 23:48:19,189 - INFO - Model features: ['price', 'market_cap', 'volume', 'price_change_24h', 'market_cap_change_24h', 'volume_change_24h']
2025-03-27 23:48:19,222 - INFO - Saved predictions to data\predictions.json
2025-03-27 23:48:19,223 - INFO - Pipeline completed successfully
2025-03-27 23:49:57,460 - INFO - Twitter API initialized successfully
2025-03-27 23:49:57,461 - INFO - Starting crypto bot pipeline
2025-03-27 23:49:57,461 - INFO - Step 1: Collecting data
2025-03-27 23:49:57,461 - INFO - Starting data collection
2025-03-27 23:49:58,749 - INFO - Successfully collected market data
2025-03-27 23:49:59,026 - ERROR - Error fetching bbc-news data: 401 Client Error: Unauthorized for url: https://newsapi.org/v2/everything?q=cryptocurrency&apiKey=dc9d3c1ce2194461851bbbdbe31f52cd/everything/bbc-news.json
2025-03-27 23:49:59,313 - ERROR - Error fetching cnn data: 401 Client Error: Unauthorized for url: https://newsapi.org/v2/everything?q=cryptocurrency&apiKey=dc9d3c1ce2194461851bbbdbe31f52cd/everything/cnn.json
2025-03-27 23:49:59,590 - ERROR - Error fetching fox-news data: 401 Client Error: Unauthorized for url: https://newsapi.org/v2/everything?q=cryptocurrency&apiKey=dc9d3c1ce2194461851bbbdbe31f52cd/everything/fox-news.json
2025-03-27 23:49:59,868 - ERROR - Error fetching google-news data: 401 Client Error: Unauthorized for url: https://newsapi.org/v2/everything?q=cryptocurrency&apiKey=dc9d3c1ce2194461851bbbdbe31f52cd/everything/google-news.json
2025-03-27 23:49:59,892 - WARNING - Could not load sentiment data: [Errno 2] No such file or directory: 'data\\twitter_sentiment.json'
2025-03-27 23:49:59,893 - WARNING - Could not load sentiment data: [Errno 2] No such file or directory: 'data\\twitter_sentiment.json'
2025-03-27 23:49:59,893 - WARNING - Could not load sentiment data: [Errno 2] No such file or directory: 'data\\twitter_sentiment.json'
2025-03-27 23:49:59,893 - WARNING - Could not load sentiment data: [Errno 2] No such file or directory: 'data\\twitter_sentiment.json'
2025-03-27 23:49:59,893 - WARNING - Could not load sentiment data: [Errno 2] No such file or directory: 'data\\twitter_sentiment.json'
2025-03-27 23:49:59,894 - WARNING - Could not load sentiment data: [Errno 2] No such file or directory: 'data\\twitter_sentiment.json'
2025-03-27 23:49:59,894 - WARNING - Could not load sentiment data: [Errno 2] No such file or directory: 'data\\twitter_sentiment.json'
2025-03-27 23:49:59,894 - WARNING - Could not load sentiment data: [Errno 2] No such file or directory: 'data\\twitter_sentiment.json'
2025-03-27 23:49:59,895 - WARNING - Could not load sentiment data: [Errno 2] No such file or directory: 'data\\twitter_sentiment.json'
2025-03-27 23:49:59,895 - WARNING - Could not load sentiment data: [Errno 2] No such file or directory: 'data\\twitter_sentiment.json'
2025-03-27 23:49:59,895 - WARNING - Could not load sentiment data: [Errno 2] No such file or directory: 'data\\twitter_sentiment.json'
2025-03-27 23:49:59,895 - WARNING - Could not load sentiment data: [Errno 2] No such file or directory: 'data\\twitter_sentiment.json'
2025-03-27 23:49:59,896 - WARNING - Could not load sentiment data: [Errno 2] No such file or directory: 'data\\twitter_sentiment.json'
2025-03-27 23:49:59,896 - WARNING - Could not load sentiment data: [Errno 2] No such file or directory: 'data\\twitter_sentiment.json'
2025-03-27 23:49:59,896 - WARNING - Could not load sentiment data: [Errno 2] No such file or directory: 'data\\twitter_sentiment.json'
2025-03-27 23:49:59,896 - WARNING - Could not load sentiment data: [Errno 2] No such file or directory: 'data\\twitter_sentiment.json'
2025-03-27 23:49:59,896 - WARNING - Could not load sentiment data: [Errno 2] No such file or directory: 'data\\twitter_sentiment.json'
2025-03-27 23:49:59,897 - WARNING - Could not load sentiment data: [Errno 2] No such file or directory: 'data\\twitter_sentiment.json'
2025-03-27 23:49:59,897 - WARNING - Could not load sentiment data: [Errno 2] No such file or directory: 'data\\twitter_sentiment.json'
2025-03-27 23:49:59,897 - WARNING - Could not load sentiment data: [Errno 2] No such file or directory: 'data\\twitter_sentiment.json'
2025-03-27 23:49:59,897 - WARNING - Could not load sentiment data: [Errno 2] No such file or directory: 'data\\twitter_sentiment.json'
2025-03-27 23:49:59,897 - WARNING - Could not load sentiment data: [Errno 2] No such file or directory: 'data\\twitter_sentiment.json'
2025-03-27 23:49:59,898 - WARNING - Could not load sentiment data: [Errno 2] No such file or directory: 'data\\twitter_sentiment.json'
2025-03-27 23:49:59,898 - WARNING - Could not load sentiment data: [Errno 2] No such file or directory: 'data\\twitter_sentiment.json'
2025-03-27 23:49:59,898 - WARNING - Could not load sentiment data: [Errno 2] No such file or directory: 'data\\twitter_sentiment.json'
2025-03-27 23:49:59,898 - WARNING - Could not load sentiment data: [Errno 2] No such file or directory: 'data\\twitter_sentiment.json'
2025-03-27 23:49:59,899 - WARNING - Could not load sentiment data: [Errno 2] No such file or directory: 'data\\twitter_sentiment.json'
2025-03-27 23:49:59,899 - WARNING - Could not load sentiment data: [Errno 2] No such file or directory: 'data\\twitter_sentiment.json'
2025-03-27 23:49:59,899 - WARNING - Could not load sentiment data: [Errno 2] No such file or directory: 'data\\twitter_sentiment.json'
2025-03-27 23:49:59,899 - WARNING - Could not load sentiment data: [Errno 2] No such file or directory: 'data\\twitter_sentiment.json'
2025-03-27 23:49:59,899 - WARNING - Could not load sentiment data: [Errno 2] No such file or directory: 'data\\twitter_sentiment.json'
2025-03-27 23:49:59,902 - INFO - Created historical data file with 31 samples
2025-03-27 23:49:59,902 - INFO - Data collection completed
2025-03-27 23:49:59,902 - INFO - Step 2: Performing sentiment analysis
2025-03-27 23:49:59,902 - WARNING - News file not found: data\coindesk_news.json
2025-03-27 23:50:00,101 - ERROR - Error in sentiment analysis: 
**********************************************************************
  Resource [93mpunkt_tab[0m not found.
  Please use the NLTK Downloader to obtain the resource:

  [31m>>> import nltk
  >>> nltk.download('punkt_tab')
  [0m
  For more information see: https://www.nltk.org/data.html

  Attempted to load [93mtokenizers/punkt_tab/english/[0m

  Searched in:
    - 'C:\\Users\\adity/nltk_data'
    - 'C:\\Python313\\nltk_data'
    - 'C:\\Python313\\share\\nltk_data'
    - 'C:\\Python313\\lib\\nltk_data'
    - 'C:\\Users\\adity\\AppData\\Roaming\\nltk_data'
    - 'C:\\nltk_data'
    - 'D:\\nltk_data'
    - 'E:\\nltk_data'
**********************************************************************

2025-03-27 23:50:00,103 - ERROR - Error processing news data: 
**********************************************************************
  Resource [93mpunkt_tab[0m not found.
  Please use the NLTK Downloader to obtain the resource:

  [31m>>> import nltk
  >>> nltk.download('punkt_tab')
  [0m
  For more information see: https://www.nltk.org/data.html

  Attempted to load [93mtokenizers/punkt_tab/english/[0m

  Searched in:
    - 'C:\\Users\\adity/nltk_data'
    - 'C:\\Python313\\nltk_data'
    - 'C:\\Python313\\share\\nltk_data'
    - 'C:\\Python313\\lib\\nltk_data'
    - 'C:\\Users\\adity\\AppData\\Roaming\\nltk_data'
    - 'C:\\nltk_data'
    - 'D:\\nltk_data'
    - 'E:\\nltk_data'
**********************************************************************

2025-03-27 23:50:00,103 - WARNING - News file not found: data\newsapi_news.json
2025-03-27 23:50:00,103 - WARNING - Twitter data file not found
2025-03-27 23:50:00,103 - INFO - Step 3: Analyzing market trends
2025-03-27 23:50:00,104 - INFO - Starting market trend analysis
2025-03-27 23:50:00,104 - ERROR - File not found: data\coindesk_sentiment.json
2025-03-27 23:50:00,104 - ERROR - File not found: data\cryptopanic_sentiment.json
2025-03-27 23:50:00,104 - ERROR - File not found: data\newsapi_sentiment.json
2025-03-27 23:50:00,104 - ERROR - File not found: data\twitter_sentiment.json
2025-03-27 23:50:00,104 - INFO - Loading market data from file...
2025-03-27 23:50:00,105 - INFO - Loaded 32 market data points
2025-03-27 23:50:00,113 - ERROR - Error loading market data: unconverted data remains when parsing with format "%Y-%m-%dT%H:%M:%S": ".746068", at position 31. You might want to try:
    - passing `format` if your strings have a consistent format;
    - passing `format='ISO8601'` if your strings are all ISO8601 but not necessarily in exactly the same format;
    - passing `format='mixed'`, and the format will be inferred for each element individually. You might want to use `dayfirst` alongside this.
2025-03-27 23:50:00,113 - ERROR - No market data available for analysis
2025-03-27 23:50:00,113 - INFO - Step 4: Generating predictions
2025-03-27 23:50:00,296 - INFO - Loaded model from model_20250327.pkl
2025-03-27 23:50:00,296 - INFO - Model features: ['price', 'market_cap', 'volume', 'price_change_24h', 'market_cap_change_24h', 'volume_change_24h']
2025-03-27 23:50:00,330 - INFO - Saved predictions to data\predictions.json
2025-03-27 23:50:00,330 - INFO - Pipeline completed successfully
